<?xml version="1.0" encoding="UTF-8"?>
<!-- Generated by org.testng.reporters.JUnitReportReporter -->
<testsuite hostname="Risin-Arakkal" failures="0" tests="4" name="api.test.userTests" time="20.079" errors="0" timestamp="2024-10-06T20:40:05 IST" skipped="0">
  <testcase classname="api.test.userTests" name="testUserCreate" time="15.490"/>
  <system-out/>
  <testcase classname="api.test.userTests" name="testGetUser" time="1.594"/>
  <system-out/>
  <testcase classname="api.test.userTests" name="testUpdateUser" time="1.462"/>
  <system-out/>
  <testcase classname="api.test.userTests" name="testDeleteUser" time="1.533"/>
  <system-out/>
</testsuite> <!-- api.test.userTests -->
